<html>
<head>
<title>TestNG:  Command line test</title>
<link href="../testng.css" rel="stylesheet" type="text/css" />
<link href="../my-testng.css" rel="stylesheet" type="text/css" />

<style type="text/css">
.log { display: none;} 
.stack-trace { display: none;} 
</style>
<script type="text/javascript">
<!--
function flip(e) {
  current = e.style.display;
  if (current == 'block') {
    e.style.display = 'none';
    return 0;
  }
  else {
    e.style.display = 'block';
    return 1;
  }
}

function toggleBox(szDivId, elem, msg1, msg2)
{
  var res = -1;  if (document.getElementById) {
    res = flip(document.getElementById(szDivId));
  }
  else if (document.all) {
    // this is the way old msie versions work
    res = flip(document.all[szDivId]);
  }
  if(elem) {
    if(res == 0) elem.innerHTML = msg1; else elem.innerHTML = msg2;
  }

}

function toggleAllBoxes() {
  if (document.getElementsByTagName) {
    d = document.getElementsByTagName('div');
    for (i = 0; i < d.length; i++) {
      if (d[i].className == 'log') {
        flip(d[i]);
      }
    }
  }
}

// -->
</script>

</head>
<body>
<h2 align='center'>Command line test</h2><table border='1' align="center">
<tr>
<td>Tests passed/Failed/Skipped:</td><td>7/1/0</td>
</tr><tr>
<td>Started on:</td><td>Sat Aug 27 13:14:34 IST 2022</td>
</tr>
<tr><td>Total time:</td><td>2 seconds (2928 ms)</td>
</tr><tr>
<td>Included groups:</td><td></td>
</tr><tr>
<td>Excluded groups:</td><td></td>
</tr>
</table><p/>
<small><i>(Hover the method name to see the test class name)</i></small><p/>
<table width='100%' border='1' class='invocation-failed'>
<tr><td colspan='4' align='center'><b>FAILED TESTS</b></td></tr>
<tr><td><b>Test method</b></td>
<td><b>Attribute(s)</b></td>
<td width="30%"><b>Exception</b></td>
<td width="10%"><b>Time (seconds)</b></td>
<td><b>Instance</b></td>
</tr>
<tr>
<td title='com.w2a.APTestingFramework.testcases.CreateCustomerTest.invalidCreateCustomerAPI()'><b>invalidCreateCustomerAPI</b><br>Test class: com.w2a.APTestingFramework.testcases.CreateCustomerTest<br>Parameters: {email=, name=Krishna, description=invalid test}</td>
<td><div><pre>java.lang.AssertionError: expected [200] but found [401]
	at com.w2a.APTestingFramework.testcases.CreateCustomerAPI.sendPostrequesttoCreateCustomerAPIwithInvalidAuth(CreateCustomerAPI.java:43)
	at com.w2a.APTestingFramework.testcases.CreateCustomerTest.invalidCreateCustomerAPI(CreateCustomerTest.java:39)
	at java.base/java.util.concurrent.FutureTask.run(FutureTask.java:264)
	at java.base/java.util.concurrent.Executors$RunnableAdapter.call(Executors.java:539)
	at java.base/java.util.concurrent.FutureTask.run(FutureTask.java:264)
	at java.base/java.util.concurrent.ThreadPoolExecutor.runWorker(ThreadPoolExecutor.java:1136)
	at java.base/java.util.concurrent.ThreadPoolExecutor$Worker.run(ThreadPoolExecutor.java:635)
	at java.base/java.lang.Thread.run(Thread.java:833)
... Removed 15 stack frames</pre></div><a href='#' onClick='toggleBox("stack-trace2025675995", this, "Click to show all stack frames", "Click to hide stack frames")'>Click to show all stack frames</a>
<div class='stack-trace' id='stack-trace2025675995'><pre>java.lang.AssertionError: expected [200] but found [401]
	at org.testng.Assert.fail(Assert.java:110)
	at org.testng.Assert.failNotEquals(Assert.java:1413)
	at org.testng.Assert.assertEqualsImpl(Assert.java:149)
	at org.testng.Assert.assertEquals(Assert.java:131)
	at org.testng.Assert.assertEquals(Assert.java:1240)
	at org.testng.Assert.assertEquals(Assert.java:1274)
	at com.w2a.APTestingFramework.testcases.CreateCustomerAPI.sendPostrequesttoCreateCustomerAPIwithInvalidAuth(CreateCustomerAPI.java:43)
	at com.w2a.APTestingFramework.testcases.CreateCustomerTest.invalidCreateCustomerAPI(CreateCustomerTest.java:39)
	at java.base/jdk.internal.reflect.NativeMethodAccessorImpl.invoke0(Native Method)
	at java.base/jdk.internal.reflect.NativeMethodAccessorImpl.invoke(NativeMethodAccessorImpl.java:77)
	at java.base/jdk.internal.reflect.DelegatingMethodAccessorImpl.invoke(DelegatingMethodAccessorImpl.java:43)
	at java.base/java.lang.reflect.Method.invoke(Method.java:568)
	at org.testng.internal.invokers.MethodInvocationHelper.invokeMethod(MethodInvocationHelper.java:139)
	at org.testng.internal.invokers.TestInvoker.invokeMethod(TestInvoker.java:677)
	at org.testng.internal.invokers.TestInvoker.invokeTestMethod(TestInvoker.java:221)
	at org.testng.internal.invokers.TestMethodWithDataProviderMethodWorker.call(TestMethodWithDataProviderMethodWorker.java:80)
	at org.testng.internal.invokers.TestMethodWithDataProviderMethodWorker.call(TestMethodWithDataProviderMethodWorker.java:17)
	at java.base/java.util.concurrent.FutureTask.run(FutureTask.java:264)
	at java.base/java.util.concurrent.Executors$RunnableAdapter.call(Executors.java:539)
	at java.base/java.util.concurrent.FutureTask.run(FutureTask.java:264)
	at java.base/java.util.concurrent.ThreadPoolExecutor.runWorker(ThreadPoolExecutor.java:1136)
	at java.base/java.util.concurrent.ThreadPoolExecutor$Worker.run(ThreadPoolExecutor.java:635)
	at java.base/java.lang.Thread.run(Thread.java:833)
</pre></div></td>
<td>0</td>
<td>com.w2a.APTestingFramework.testcases.CreateCustomerTest@6ee4d9ab</td></tr>
</table><p>
<table width='100%' border='1' class='invocation-passed'>
<tr><td colspan='4' align='center'><b>PASSED TESTS</b></td></tr>
<tr><td><b>Test method</b></td>
<td><b>Attribute(s)</b></td>
<td width="30%"><b>Exception</b></td>
<td width="10%"><b>Time (seconds)</b></td>
<td><b>Instance</b></td>
</tr>
<tr>
<td title='com.w2a.APITestingFramework.utilities.TestParametrization.testData()'><b>testData</b><br>Test class: com.w2a.APITestingFramework.utilities.TestParametrization<br>Parameters: {RunMode=N, postcode=123234.0, lastname=saba, firstname=bhai}</td>
<td></td>
<td>0</td>
<td>com.w2a.APITestingFramework.utilities.TestParametrization@1672fe87</td></tr>
<tr>
<td title='com.w2a.APITestingFramework.utilities.TestParametrization.testData()'><b>testData</b><br>Test class: com.w2a.APITestingFramework.utilities.TestParametrization<br>Parameters: {RunMode=Y, postcode=A33333, lastname=hai, firstname=krsi}</td>
<td></td>
<td>0</td>
<td>com.w2a.APITestingFramework.utilities.TestParametrization@1672fe87</td></tr>
<tr>
<td title='com.w2a.APTestingFramework.testcases.CreateCustomerTest.validateCreateCustomerAPI()'><b>validateCreateCustomerAPI</b><br>Test class: com.w2a.APTestingFramework.testcases.CreateCustomerTest<br>Parameters: {email=krishna@krishna.com, name=Krishna, description=Hai this is my first test}</td>
<td></td>
<td>0</td>
<td>com.w2a.APTestingFramework.testcases.CreateCustomerTest@6ee4d9ab</td></tr>
<tr>
<td title='com.w2a.APTestingFramework.testcases.CreateCustomerTest.validateCreateCustomerAPI()'><b>validateCreateCustomerAPI</b><br>Test class: com.w2a.APTestingFramework.testcases.CreateCustomerTest<br>Parameters: {email=test@girls.com, name=Random girl, description=forth}</td>
<td></td>
<td>0</td>
<td>com.w2a.APTestingFramework.testcases.CreateCustomerTest@6ee4d9ab</td></tr>
<tr>
<td title='com.w2a.APTestingFramework.testcases.DeleteCustomerTest.deleteCustomer()'><b>deleteCustomer</b><br>Test class: com.w2a.APTestingFramework.testcases.DeleteCustomerTest<br>Parameters: {id=cus_MJgPpLs23JTry2}</td>
<td></td>
<td>0</td>
<td>com.w2a.APTestingFramework.testcases.DeleteCustomerTest@6057aebb</td></tr>
<tr>
<td title='com.w2a.APTestingFramework.testcases.CreateCustomerTest.validateCreateCustomerAPI()'><b>validateCreateCustomerAPI</b><br>Test class: com.w2a.APTestingFramework.testcases.CreateCustomerTest<br>Parameters: {email=sand@sand.com, name=Sandeep, description=test is the second test}</td>
<td></td>
<td>1</td>
<td>com.w2a.APTestingFramework.testcases.CreateCustomerTest@6ee4d9ab</td></tr>
<tr>
<td title='com.w2a.APTestingFramework.testcases.CreateCustomerTest.validateCreateCustomerAPI()'><b>validateCreateCustomerAPI</b><br>Test class: com.w2a.APTestingFramework.testcases.CreateCustomerTest<br>Parameters: {email=test@abc.com, name=Random guy, description=this is my third test }</td>
<td></td>
<td>0</td>
<td>com.w2a.APTestingFramework.testcases.CreateCustomerTest@6ee4d9ab</td></tr>
</table><p>
</body>
</html>