<?xml version="1.0" encoding="UTF-8"?>
<!-- Generated by org.testng.reporters.JUnitXMLReporter -->
<testsuite ignored="2" hostname="LAPTOP-08C644NB" failures="1" tests="8" name="Command line test" time="2.928" errors="0" timestamp="2022-08-27T13:14:37 IST">
  <testcase classname="com.w2a.APITestingFramework.utilities.TestParametrization" name="testData" time="0.001"/>
  <testcase classname="com.w2a.APITestingFramework.utilities.TestParametrization" name="testData" time="0.0"/>
  <testcase classname="com.w2a.APTestingFramework.testcases.CreateCustomerTest" name="invalidCreateCustomerAPI" time="0.949">
    <failure type="java.lang.AssertionError" message="expected [200] but found [401]">
      <![CDATA[java.lang.AssertionError: expected [200] but found [401]
at com.w2a.APTestingFramework.testcases.CreateCustomerAPI.sendPostrequesttoCreateCustomerAPIwithInvalidAuth(CreateCustomerAPI.java:43)
at com.w2a.APTestingFramework.testcases.CreateCustomerTest.invalidCreateCustomerAPI(CreateCustomerTest.java:39)
at java.base/java.util.concurrent.FutureTask.run(FutureTask.java:264)
at java.base/java.util.concurrent.Executors$RunnableAdapter.call(Executors.java:539)
at java.base/java.util.concurrent.FutureTask.run(FutureTask.java:264)
at java.base/java.util.concurrent.ThreadPoolExecutor.runWorker(ThreadPoolExecutor.java:1136)
at java.base/java.util.concurrent.ThreadPoolExecutor$Worker.run(ThreadPoolExecutor.java:635)
at java.base/java.lang.Thread.run(Thread.java:833)
... Removed 15 stack frames]]>
    </failure>
  </testcase> <!-- invalidCreateCustomerAPI -->
  <testcase classname="com.w2a.APTestingFramework.testcases.CreateCustomerTest" name="validateCreateCustomerAPI" time="0.64"/>
  <testcase classname="com.w2a.APTestingFramework.testcases.CreateCustomerTest" name="validateCreateCustomerAPI" time="0.64"/>
  <testcase classname="com.w2a.APTestingFramework.testcases.CreateCustomerTest" name="validateCreateCustomerAPI" time="0.64"/>
  <testcase classname="com.w2a.APTestingFramework.testcases.CreateCustomerTest" name="validateCreateCustomerAPI" time="1.007"/>
  <testcase classname="com.w2a.APTestingFramework.testcases.DeleteCustomerTest" name="deleteCustomer" time="0.873"/>
  <testcase classname="com.w2a.APITestingFramework.setUp.BaseTest" name="@BeforeSuite setUp" time="0.0">
    <ignored/>
  </testcase> <!-- @BeforeSuite setUp -->
  <testcase classname="com.w2a.APITestingFramework.setUp.BaseTest" name="@BeforeSuite setUp" time="0.0">
    <ignored/>
  </testcase> <!-- @BeforeSuite setUp -->
</testsuite> <!-- Command line test -->
