<?xml version="1.0" encoding="UTF-8" ?>
<testsuite tests="8" failures="1" name="TestSuite" time="4.748" errors="0" skipped="0">
  <properties>
[...]
</properties>
  <testcase classname="com.w2a.APITestingFramework.utilities.TestParametrization" name="testData" time="0.002"/>
  <testcase classname="com.w2a.APITestingFramework.utilities.TestParametrization" name="testData" time="0"/>
  <testcase classname="com.w2a.APTestingFramework.testcases.CreateCustomerTest" name="invalidCreateCustomerAPI" time="0.95">
    <failure message="expected [200] but found [401]" type="java.lang.AssertionError">java.lang.AssertionError: expected [200] but found [401]
	at org.testng.Assert.fail(Assert.java:110)
	at org.testng.Assert.failNotEquals(Assert.java:1413)
	at org.testng.Assert.assertEqualsImpl(Assert.java:149)
	at org.testng.Assert.assertEquals(Assert.java:131)
	at org.testng.Assert.assertEquals(Assert.java:1240)
	at org.testng.Assert.assertEquals(Assert.java:1274)
	at com.w2a.APTestingFramework.testcases.CreateCustomerAPI.sendPostrequesttoCreateCustomerAPIwithInvalidAuth(CreateCustomerAPI.java:43)
	at com.w2a.APTestingFramework.testcases.CreateCustomerTest.invalidCreateCustomerAPI(CreateCustomerTest.java:39)
</failure>
    <system-out>testData
.\src\test\resources\excel\testdata.xlsx
Total rows 14
validateCreateCustomerAPI
name
Krishna
Sandeep
Random guy
Random girl

invalidCreateCustomerAPI
testCaseRowNum 8
testRows 1
columnStartColNum 9
testCols 3
testRows 1
Krishna
name

email
invalid test
description
{
    &quot;error&quot;: {
        &quot;message&quot;: &quot;You did not provide an API key. You need to provide your API key in the Authorization header, using Bearer auth (e.g. &apos;Authorization: Bearer YOUR_SECRET_KEY&apos;). See https://stripe.com/docs/api#authentication for details, or we can help at https://support.stripe.com/.&quot;,
        &quot;type&quot;: &quot;invalid_request_error&quot;
    }
}
401
</system-out>
  </testcase>
  <testcase classname="com.w2a.APTestingFramework.testcases.CreateCustomerTest" name="validateCreateCustomerAPI" time="0.639"/>
  <testcase classname="com.w2a.APTestingFramework.testcases.CreateCustomerTest" name="validateCreateCustomerAPI" time="0.639"/>
  <testcase classname="com.w2a.APTestingFramework.testcases.CreateCustomerTest" name="validateCreateCustomerAPI" time="0.639"/>
  <testcase classname="com.w2a.APTestingFramework.testcases.CreateCustomerTest" name="validateCreateCustomerAPI" time="1.006"/>
  <testcase classname="com.w2a.APTestingFramework.testcases.DeleteCustomerTest" name="deleteCustomer" time="0.873"/>
</testsuite>